<component name="libraryTable">
  <library name="junit">
    <CLASSES>
      <root url="jar://$USER_HOME$/tools/junit/junit.jar!/" />
      <root url="jar://$USER_HOME$/tools/junit/hamcrest-core.jar!/" />
    </CLASSES>
    <JAVADOC />
    <SOURCES />
  </library>
</component>